<?xml version="1.0" encoding="UTF-8"?>
<testng-results skipped="0" failed="0" ignored="0" total="1" passed="1">
  <reporter-output>
  </reporter-output>
  <suite name="Default suite" duration-ms="8407" started-at="2023-03-22T13:47:34 IST" finished-at="2023-03-22T13:47:42 IST">
    <groups>
    </groups>
    <test name="Default test" duration-ms="8407" started-at="2023-03-22T13:47:34 IST" finished-at="2023-03-22T13:47:42 IST">
      <class name="testcase.Logintc">
        <test-method status="PASS" signature="login()[pri:0, instance:testcase.Logintc@2ac273d3]" name="login" duration-ms="8379" started-at="2023-03-22T13:47:34 IST" finished-at="2023-03-22T13:47:42 IST">
          <reporter-output>
          </reporter-output>
        </test-method> <!-- login -->
      </class> <!-- testcase.Logintc -->
    </test> <!-- Default test -->
  </suite> <!-- Default suite -->
</testng-results>
